<?xml version="1.0" encoding="UTF-8"?>
<coverage generated="1678471295974" clover="3.2.0">
  <project timestamp="1678471295974" name="All files">
    <metrics statements="5" coveredstatements="3" conditionals="2" coveredconditionals="0" methods="3" coveredmethods="0" elements="10" coveredelements="3" complexity="0" loc="5" ncloc="5" packages="1" files="1" classes="1"/>
    <file name="index.js" path="C:\Users\roman\OneDrive\Робочий стол\DZ Jest\index.js">
      <metrics statements="5" coveredstatements="3" conditionals="2" coveredconditionals="0" methods="3" coveredmethods="0"/>
      <line num="3" count="1" type="stmt"/>
      <line num="4" count="0" type="cond" truecount="0" falsecount="2"/>
      <line num="8" count="1" type="stmt"/>
      <line num="9" count="0" type="stmt"/>
      <line num="12" count="1" type="stmt"/>
    </file>
  </project>
</coverage>
