{"C:\\Users\\roman\\OneDrive\\Робочий стол\\DZ Jest\\index.js": {"path":"C:\\Users\\roman\\OneDrive\\Робочий стол\\DZ Jest\\index.js","statementMap":{"0":{"start":{"line":3,"column":14},"end":{"line":5,"column":1}},"1":{"start":{"line":4,"column":1},"end":{"line":4,"column":69}},"2":{"start":{"line":4,"column":26},"end":{"line":4,"column":67}},"3":{"start":{"line":8,"column":14},"end":{"line":10,"column":1}},"4":{"start":{"line":9,"column":13},"end":{"line":9,"column":14}},"5":{"start":{"line":12,"column":0},"end":{"line":15,"column":1}}},"fnMap":{"0":{"name":"(anonymous_0)","decl":{"start":{"line":3,"column":14},"end":{"line":3,"column":15}},"loc":{"start":{"line":3,"column":23},"end":{"line":5,"column":1}},"line":3},"1":{"name":"(anonymous_1)","decl":{"start":{"line":4,"column":15},"end":{"line":4,"column":16}},"loc":{"start":{"line":4,"column":26},"end":{"line":4,"column":67}},"line":4},"2":{"name":"(anonymous_2)","decl":{"start":{"line":8,"column":14},"end":{"line":8,"column":15}},"loc":{"start":{"line":8,"column":21},"end":{"line":10,"column":1}},"line":8}},"branchMap":{"0":{"loc":{"start":{"line":4,"column":26},"end":{"line":4,"column":67}},"type":"cond-expr","locations":[{"start":{"line":4,"column":46},"end":{"line":4,"column":57}},{"start":{"line":4,"column":60},"end":{"line":4,"column":67}}],"line":4}},"s":{"0":1,"1":0,"2":0,"3":1,"4":0,"5":1},"f":{"0":0,"1":0,"2":0},"b":{"0":[0,0]},"_coverageSchema":"1a1c01bbd47fc00a2c39e90264f33305004495a9","hash":"84e42d765c45db862a5126eeb5d1a9e403a299a3"}
}
